[2020-06-21 17:14:39][debug][warning]:[file_get_contents(../../Doc/Test.md): failed to open stream: No such file or directory at file:/Users/yuzhao3/sites/blog/App/HttpController/Index.php line:14]
[2020-06-21 17:15:34][debug][error]:[swoole exit at file:/Users/yuzhao3/sites/blog/App/HttpController/Index.php line:15]
[2020-06-21 17:16:32][debug][error]:[swoole exit at file:/Users/yuzhao3/sites/blog/App/HttpController/Index.php line:15]
[2020-06-21 17:16:36][debug][error]:[swoole exit at file:/Users/yuzhao3/sites/blog/App/HttpController/Index.php line:17]
[2020-06-21 17:55:47][debug][warning]:[require(/Users/yuzhao3/sites/blogDOC/spider.json): failed to open stream: No such file or directory at file:/Users/yuzhao3/sites/blog/Library/Model/BlogDirectoryModel.php line:12]
[2020-06-21 17:55:47][debug][error]:[require(): Failed opening required '/Users/yuzhao3/sites/blogDOC/spider.json' (include_path='.:/usr/local/Cellar/php@7.1/7.1.30_1/share/php@7.1/pear') at file:/Users/yuzhao3/sites/blog/Library/Model/BlogDirectoryModel.php line:12]
[2020-06-21 17:56:02][debug][warning]:[file_get_contents(1): failed to open stream: No such file or directory at file:/Users/yuzhao3/sites/blog/Library/Model/BlogDirectoryModel.php line:13]
[2020-06-21 17:56:39][debug][warning]:[file_get_contents(1): failed to open stream: No such file or directory at file:/Users/yuzhao3/sites/blog/Library/Model/BlogDirectoryModel.php line:13]
[2020-06-21 17:57:17][debug][warning]:[file_get_contents(1): failed to open stream: No such file or directory at file:/Users/yuzhao3/sites/blog/Library/Model/BlogDirectoryModel.php line:13]
[2020-06-21 17:57:31][debug][warning]:[file_get_contents(1): failed to open stream: No such file or directory at file:/Users/yuzhao3/sites/blog/Library/Model/BlogDirectoryModel.php line:13]
[2020-06-21 17:57:59][debug][warning]:[file_get_contents(1): failed to open stream: No such file or directory at file:/Users/yuzhao3/sites/blog/Library/Model/BlogDirectoryModel.php line:14]
[2020-06-21 17:58:01][debug][warning]:[file_get_contents(1): failed to open stream: No such file or directory at file:/Users/yuzhao3/sites/blog/Library/Model/BlogDirectoryModel.php line:14]
[2020-06-21 17:58:04][debug][warning]:[file_get_contents(1): failed to open stream: No such file or directory at file:/Users/yuzhao3/sites/blog/Library/Model/BlogDirectoryModel.php line:14]
[2020-06-21 17:58:07][debug][warning]:[file_get_contents(1): failed to open stream: No such file or directory at file:/Users/yuzhao3/sites/blog/Library/Model/BlogDirectoryModel.php line:14]
[2020-06-21 17:58:34][debug][warning]:[file_get_contents(1): failed to open stream: No such file or directory at file:/Users/yuzhao3/sites/blog/Library/Model/BlogDirectoryModel.php line:14]
[2020-06-21 17:58:56][debug][warning]:[file_get_contents(1): failed to open stream: No such file or directory at file:/Users/yuzhao3/sites/blog/Library/Model/BlogDirectoryModel.php line:13]
[2020-06-21 17:59:15][debug][warning]:[file_get_contents(1): failed to open stream: No such file or directory at file:/Users/yuzhao3/sites/blog/Library/Model/BlogDirectoryModel.php line:13]
[2020-06-21 17:59:22][debug][warning]:[file_get_contents(1): failed to open stream: No such file or directory at file:/Users/yuzhao3/sites/blog/Library/Model/BlogDirectoryModel.php line:13]
[2020-06-21 17:59:32][debug][warning]:[file_get_contents(1): failed to open stream: No such file or directory at file:/Users/yuzhao3/sites/blog/Library/Model/BlogDirectoryModel.php line:14]
[2020-06-21 18:00:46][debug][warning]:[file_get_contents(1): failed to open stream: No such file or directory at file:/Users/yuzhao3/sites/blog/Library/Model/BlogDirectoryModel.php line:13]
[2020-06-21 18:00:59][debug][warning]:[file_get_contents(1): failed to open stream: No such file or directory at file:/Users/yuzhao3/sites/blog/Library/Model/BlogDirectoryModel.php line:13]
[2020-06-21 18:01:30][debug][warning]:[file_get_contents(1): failed to open stream: No such file or directory at file:/Users/yuzhao3/sites/blog/Library/Model/BlogDirectoryModel.php line:13]
[2020-06-21 18:05:24][debug][error]:[swoole exit at file:/Users/yuzhao3/sites/blog/Library/Model/BlogDirectoryModel.php line:19]
